0 info it worked if it ends with ok
1 verbose cli [ '/usr/bin/node', '/usr/bin/npm', 'info', 'lodash-node' ]
2 info using npm@1.3.8
3 info using node@v0.10.17
4 verbose url raw lodash-node
5 verbose url resolving [ 'https://registry.npmjs.org/', './lodash-node' ]
6 verbose url resolved https://registry.npmjs.org/lodash-node
7 info trying registry request attempt 1 at 17:44:26
8 http GET https://registry.npmjs.org/lodash-node
9 http 404 https://registry.npmjs.org/lodash-node
10 silly registry.get cb [ 404,
10 silly registry.get   { server: 'CouchDB/1.3.1 (Erlang OTP/R15B03)',
10 silly registry.get     date: 'Mon, 02 Sep 2013 21:44:28 GMT',
10 silly registry.get     'content-type': 'application/json',
10 silly registry.get     'content-length': '52',
10 silly registry.get     'cache-control': 'must-revalidate' } ]
11 error 404 'lodash-node' is not in the npm registry.
11 error 404 You should bug the author to publish it
11 error 404
11 error 404 Note that you can also install from a
11 error 404 tarball, folder, or http url, or git url.
12 error System Linux 3.10.10-1-ARCH
13 error command "/usr/bin/node" "/usr/bin/npm" "info" "lodash-node"
14 error cwd /home/tim/git/webapp/library
15 error node -v v0.10.17
16 error npm -v 1.3.8
17 error code E404
18 verbose exit [ 1, true ]
